0 verbose cli /Users/s.zanetti/.nvm/versions/node/v20.20.0/bin/node /Users/s.zanetti/.nvm/versions/node/v20.20.0/bin/npm
1 info using npm@10.8.2
2 info using node@v20.20.0
3 silly config load:file:/Users/s.zanetti/.nvm/versions/node/v20.20.0/lib/node_modules/npm/npmrc
4 silly config load:file:/Users/s.zanetti/dev/tecma/business/tecma-digital-platform/followup-3.0/fe-followup-v3/.npmrc
5 silly config load:file:/Users/s.zanetti/.npmrc
6 silly config load:file:/Users/s.zanetti/.nvm/versions/node/v20.20.0/etc/npmrc
7 verbose title npm install @rollup/rollup-darwin-arm64
8 verbose argv "install" "@rollup/rollup-darwin-arm64" "--save-dev"
9 verbose logfile logs-max:10 dir:/Users/s.zanetti/dev/tecma/business/tecma-digital-platform/followup-3.0/fe-followup-v3/.npm-cache/_logs/2026-03-02T14_54_48_796Z-
10 verbose logfile /Users/s.zanetti/dev/tecma/business/tecma-digital-platform/followup-3.0/fe-followup-v3/.npm-cache/_logs/2026-03-02T14_54_48_796Z-debug-0.log
11 silly packumentCache heap:4345298944 maxSize:1086324736 maxEntrySize:543162368
12 silly logfile done cleaning log files
13 warn old lockfile
13 warn old lockfile The package-lock.json file was created with an old version of npm,
13 warn old lockfile so supplemental metadata must be fetched from the registry.
13 warn old lockfile
13 warn old lockfile This is a one-time fix-up, please be patient...
13 warn old lockfile
14 silly inflate node_modules/@babel/code-frame
15 silly packumentCache corgi:https://registry.npmjs.org/@babel%2fcode-frame cache-miss
16 silly inflate node_modules/@babel/compat-data
17 silly packumentCache corgi:https://registry.npmjs.org/@babel%2fcompat-data cache-miss
18 silly inflate node_modules/@babel/core
19 silly packumentCache corgi:https://registry.npmjs.org/@babel%2fcore cache-miss
20 silly inflate node_modules/@babel/generator
21 silly packumentCache corgi:https://registry.npmjs.org/@babel%2fgenerator cache-miss
22 silly inflate node_modules/@babel/helper-compilation-targets
23 silly packumentCache corgi:https://registry.npmjs.org/@babel%2fhelper-compilation-targets cache-miss
24 silly inflate node_modules/@babel/helper-globals
25 silly packumentCache corgi:https://registry.npmjs.org/@babel%2fhelper-globals cache-miss
26 silly inflate node_modules/@babel/helper-module-imports
27 silly packumentCache corgi:https://registry.npmjs.org/@babel%2fhelper-module-imports cache-miss
28 silly inflate node_modules/@babel/helper-module-transforms
29 silly packumentCache corgi:https://registry.npmjs.org/@babel%2fhelper-module-transforms cache-miss
30 silly inflate node_modules/@babel/helper-plugin-utils
31 silly packumentCache corgi:https://registry.npmjs.org/@babel%2fhelper-plugin-utils cache-miss
32 http fetch GET 200 https://registry.npmjs.org/npm 288ms
33 http fetch GET 200 https://registry.npmjs.org/@babel%2fcode-frame 2825ms (cache revalidated)
34 silly packumentCache corgi:https://registry.npmjs.org/@babel%2fcode-frame set size:92501 disposed:false
35 silly inflate node_modules/@babel/helper-string-parser
36 silly packumentCache corgi:https://registry.npmjs.org/@babel%2fhelper-string-parser cache-miss
37 http fetch GET 200 https://registry.npmjs.org/@babel%2fhelper-module-transforms 2919ms (cache revalidated)
38 silly packumentCache corgi:https://registry.npmjs.org/@babel%2fhelper-module-transforms set size:181079 disposed:false
39 silly inflate node_modules/@babel/helper-validator-identifier
40 silly packumentCache corgi:https://registry.npmjs.org/@babel%2fhelper-validator-identifier cache-miss
41 http fetch GET 200 https://registry.npmjs.org/@babel%2fhelper-plugin-utils 2924ms (cache revalidated)
42 silly packumentCache corgi:https://registry.npmjs.org/@babel%2fhelper-plugin-utils set size:79656 disposed:false
43 silly inflate node_modules/@babel/helper-validator-option
44 silly packumentCache corgi:https://registry.npmjs.org/@babel%2fhelper-validator-option cache-miss
45 http fetch GET 200 https://registry.npmjs.org/@babel%2fcore 2938ms (cache revalidated)
46 silly packumentCache corgi:https://registry.npmjs.org/@babel%2fcore set size:408493 disposed:false
47 silly inflate node_modules/@babel/helpers
48 silly packumentCache corgi:https://registry.npmjs.org/@babel%2fhelpers cache-miss
49 http fetch GET 200 https://registry.npmjs.org/@babel%2fhelper-module-imports 2940ms (cache revalidated)
50 silly packumentCache corgi:https://registry.npmjs.org/@babel%2fhelper-module-imports set size:95939 disposed:false
51 silly inflate node_modules/@babel/parser
52 silly packumentCache corgi:https://registry.npmjs.org/@babel%2fparser cache-miss
53 http fetch GET 200 https://registry.npmjs.org/@babel%2fhelper-globals 2943ms (cache revalidated)
54 silly packumentCache corgi:https://registry.npmjs.org/@babel%2fhelper-globals set size:4571 disposed:false
55 silly inflate node_modules/@babel/plugin-transform-react-jsx-self
56 silly packumentCache corgi:https://registry.npmjs.org/@babel%2fplugin-transform-react-jsx-self cache-miss
57 http fetch GET 200 https://registry.npmjs.org/@babel%2fcompat-data 2977ms (cache revalidated)
58 silly packumentCache corgi:https://registry.npmjs.org/@babel%2fcompat-data set size:138348 disposed:false
59 silly inflate node_modules/@babel/plugin-transform-react-jsx-source
60 silly packumentCache corgi:https://registry.npmjs.org/@babel%2fplugin-transform-react-jsx-source cache-miss
61 http fetch GET 200 https://registry.npmjs.org/@babel%2fhelper-compilation-targets 2982ms (cache revalidated)
62 silly packumentCache corgi:https://registry.npmjs.org/@babel%2fhelper-compilation-targets set size:122132 disposed:false
63 silly inflate node_modules/@babel/template
64 silly packumentCache corgi:https://registry.npmjs.org/@babel%2ftemplate cache-miss
65 http fetch GET 200 https://registry.npmjs.org/@babel%2fhelper-validator-identifier 82ms (cache revalidated)
66 silly packumentCache corgi:https://registry.npmjs.org/@babel%2fhelper-validator-identifier set size:57426 disposed:false
67 silly inflate node_modules/@babel/traverse
68 silly packumentCache corgi:https://registry.npmjs.org/@babel%2ftraverse cache-miss
69 http fetch GET 200 https://registry.npmjs.org/@babel%2fhelper-validator-option 78ms (cache revalidated)
70 silly packumentCache corgi:https://registry.npmjs.org/@babel%2fhelper-validator-option set size:42917 disposed:false
71 silly inflate node_modules/@babel/types
72 silly packumentCache corgi:https://registry.npmjs.org/@babel%2ftypes cache-miss
73 http fetch GET 200 https://registry.npmjs.org/@babel%2fparser 72ms (cache revalidated)
74 silly packumentCache corgi:https://registry.npmjs.org/@babel%2fparser set size:327665 disposed:false
75 silly inflate node_modules/@esbuild/aix-ppc64
76 silly packumentCache corgi:https://registry.npmjs.org/@esbuild%2faix-ppc64 cache-miss
77 http fetch GET 200 https://registry.npmjs.org/@babel%2fhelpers 76ms (cache revalidated)
78 silly packumentCache corgi:https://registry.npmjs.org/@babel%2fhelpers set size:205906 disposed:false
79 silly inflate node_modules/@esbuild/android-arm
80 silly packumentCache corgi:https://registry.npmjs.org/@esbuild%2fandroid-arm cache-miss
81 http fetch GET 200 https://registry.npmjs.org/@babel%2fplugin-transform-react-jsx-self 75ms (cache revalidated)
82 silly packumentCache corgi:https://registry.npmjs.org/@babel%2fplugin-transform-react-jsx-self set size:105733 disposed:false
83 silly inflate node_modules/@esbuild/android-arm64
84 silly packumentCache corgi:https://registry.npmjs.org/@esbuild%2fandroid-arm64 cache-miss
85 http fetch GET 200 https://registry.npmjs.org/@babel%2ftemplate 51ms (cache revalidated)
86 silly packumentCache corgi:https://registry.npmjs.org/@babel%2ftemplate set size:108456 disposed:false
87 silly inflate node_modules/@esbuild/android-x64
88 silly packumentCache corgi:https://registry.npmjs.org/@esbuild%2fandroid-x64 cache-miss
89 http fetch GET 200 https://registry.npmjs.org/@babel%2fhelper-string-parser 220ms (cache revalidated)
90 silly packumentCache corgi:https://registry.npmjs.org/@babel%2fhelper-string-parser set size:35406 disposed:false
91 silly inflate node_modules/@esbuild/darwin-arm64
92 silly packumentCache corgi:https://registry.npmjs.org/@esbuild%2fdarwin-arm64 cache-miss
93 http fetch GET 200 https://registry.npmjs.org/@babel%2fgenerator 3047ms (cache revalidated)
94 silly packumentCache corgi:https://registry.npmjs.org/@babel%2fgenerator set size:276139 disposed:false
95 silly inflate node_modules/@esbuild/darwin-x64
96 silly packumentCache corgi:https://registry.npmjs.org/@esbuild%2fdarwin-x64 cache-miss
97 http fetch GET 200 https://registry.npmjs.org/@babel%2ftraverse 147ms (cache revalidated)
98 silly packumentCache corgi:https://registry.npmjs.org/@babel%2ftraverse set size:296426 disposed:false
99 silly inflate node_modules/@esbuild/freebsd-arm64
100 silly packumentCache corgi:https://registry.npmjs.org/@esbuild%2ffreebsd-arm64 cache-miss
101 http fetch GET 200 https://registry.npmjs.org/@esbuild%2fandroid-arm 136ms (cache revalidated)
102 silly packumentCache corgi:https://registry.npmjs.org/@esbuild%2fandroid-arm set size:118182 disposed:false
103 silly inflate node_modules/@esbuild/freebsd-x64
104 silly packumentCache corgi:https://registry.npmjs.org/@esbuild%2ffreebsd-x64 cache-miss
105 http fetch GET 200 https://registry.npmjs.org/@esbuild%2fandroid-x64 120ms (cache revalidated)
106 silly packumentCache corgi:https://registry.npmjs.org/@esbuild%2fandroid-x64 set size:100878 disposed:false
107 silly inflate node_modules/@esbuild/linux-arm
108 silly packumentCache corgi:https://registry.npmjs.org/@esbuild%2flinux-arm cache-miss
109 http fetch GET 200 https://registry.npmjs.org/@babel%2ftypes 151ms (cache revalidated)
110 silly packumentCache corgi:https://registry.npmjs.org/@babel%2ftypes set size:248236 disposed:false
111 silly inflate node_modules/@esbuild/linux-arm64
112 silly packumentCache corgi:https://registry.npmjs.org/@esbuild%2flinux-arm64 cache-miss
113 http fetch GET 200 https://registry.npmjs.org/@esbuild%2fdarwin-arm64 113ms (cache revalidated)
114 silly packumentCache corgi:https://registry.npmjs.org/@esbuild%2fdarwin-arm64 set size:101210 disposed:false
115 silly inflate node_modules/@esbuild/linux-ia32
116 silly packumentCache corgi:https://registry.npmjs.org/@esbuild%2flinux-ia32 cache-miss
117 http fetch GET 200 https://registry.npmjs.org/@esbuild%2fdarwin-x64 110ms (cache revalidated)
118 silly packumentCache corgi:https://registry.npmjs.org/@esbuild%2fdarwin-x64 set size:100391 disposed:false
119 silly inflate node_modules/@esbuild/linux-loong64
120 silly packumentCache corgi:https://registry.npmjs.org/@esbuild%2flinux-loong64 cache-miss
121 http fetch GET 200 https://registry.npmjs.org/@esbuild%2ffreebsd-arm64 53ms (cache revalidated)
122 silly packumentCache corgi:https://registry.npmjs.org/@esbuild%2ffreebsd-arm64 set size:101644 disposed:false
123 silly inflate node_modules/@esbuild/linux-mips64el
124 silly packumentCache corgi:https://registry.npmjs.org/@esbuild%2flinux-mips64el cache-miss
125 http fetch GET 200 https://registry.npmjs.org/@babel%2fplugin-transform-react-jsx-source 235ms (cache revalidated)
126 silly packumentCache corgi:https://registry.npmjs.org/@babel%2fplugin-transform-react-jsx-source set size:108744 disposed:false
127 silly inflate node_modules/@esbuild/linux-ppc64
128 silly packumentCache corgi:https://registry.npmjs.org/@esbuild%2flinux-ppc64 cache-miss
129 http fetch GET 200 https://registry.npmjs.org/@esbuild%2flinux-arm 63ms (cache revalidated)
130 silly packumentCache corgi:https://registry.npmjs.org/@esbuild%2flinux-arm set size:99920 disposed:false
131 silly inflate node_modules/@esbuild/linux-riscv64
132 silly packumentCache corgi:https://registry.npmjs.org/@esbuild%2flinux-riscv64 cache-miss
133 http fetch GET 200 https://registry.npmjs.org/@esbuild%2flinux-arm64 64ms (cache revalidated)
134 silly packumentCache corgi:https://registry.npmjs.org/@esbuild%2flinux-arm64 set size:100780 disposed:false
135 silly inflate node_modules/@esbuild/linux-s390x
136 silly packumentCache corgi:https://registry.npmjs.org/@esbuild%2flinux-s390x cache-miss
137 http fetch GET 200 https://registry.npmjs.org/@esbuild%2flinux-ia32 63ms (cache revalidated)
138 silly packumentCache corgi:https://registry.npmjs.org/@esbuild%2flinux-ia32 set size:100354 disposed:false
139 silly inflate node_modules/@esbuild/linux-x64
140 silly packumentCache corgi:https://registry.npmjs.org/@esbuild%2flinux-x64 cache-miss
141 http fetch GET 200 https://registry.npmjs.org/@esbuild%2ffreebsd-x64 71ms (cache revalidated)
142 silly packumentCache corgi:https://registry.npmjs.org/@esbuild%2ffreebsd-x64 set size:100801 disposed:false
143 silly inflate node_modules/@esbuild/netbsd-arm64
144 silly packumentCache corgi:https://registry.npmjs.org/@esbuild%2fnetbsd-arm64 cache-miss
145 http fetch GET 200 https://registry.npmjs.org/@esbuild%2flinux-loong64 66ms (cache revalidated)
146 silly packumentCache corgi:https://registry.npmjs.org/@esbuild%2flinux-loong64 set size:136231 disposed:false
147 silly inflate node_modules/@esbuild/netbsd-x64
148 silly packumentCache corgi:https://registry.npmjs.org/@esbuild%2fnetbsd-x64 cache-miss
149 http fetch GET 200 https://registry.npmjs.org/@esbuild%2faix-ppc64 246ms (cache revalidated)
150 silly packumentCache corgi:https://registry.npmjs.org/@esbuild%2faix-ppc64 set size:23456 disposed:false
151 silly inflate node_modules/@esbuild/openbsd-arm64
152 silly packumentCache corgi:https://registry.npmjs.org/@esbuild%2fopenbsd-arm64 cache-miss
153 http fetch GET 200 https://registry.npmjs.org/@esbuild%2flinux-ppc64 54ms (cache revalidated)
154 silly packumentCache corgi:https://registry.npmjs.org/@esbuild%2flinux-ppc64 set size:100787 disposed:false
155 silly inflate node_modules/@esbuild/openbsd-x64
156 silly packumentCache corgi:https://registry.npmjs.org/@esbuild%2fopenbsd-x64 cache-miss
157 http fetch GET 200 https://registry.npmjs.org/@esbuild%2flinux-x64 63ms (cache revalidated)
158 silly packumentCache corgi:https://registry.npmjs.org/@esbuild%2flinux-x64 set size:99937 disposed:false
159 silly inflate node_modules/@esbuild/openharmony-arm64
160 silly packumentCache corgi:https://registry.npmjs.org/@esbuild%2fopenharmony-arm64 cache-miss
161 http fetch GET 200 https://registry.npmjs.org/@esbuild%2flinux-s390x 68ms (cache revalidated)
162 silly packumentCache corgi:https://registry.npmjs.org/@esbuild%2flinux-s390x set size:100817 disposed:false
163 silly inflate node_modules/@esbuild/sunos-x64
164 silly packumentCache corgi:https://registry.npmjs.org/@esbuild%2fsunos-x64 cache-miss
165 http fetch GET 200 https://registry.npmjs.org/@esbuild%2fopenbsd-x64 55ms (cache revalidated)
166 silly packumentCache corgi:https://registry.npmjs.org/@esbuild%2fopenbsd-x64 set size:100801 disposed:false
167 silly inflate node_modules/@esbuild/win32-arm64
168 silly packumentCache corgi:https://registry.npmjs.org/@esbuild%2fwin32-arm64 cache-miss
169 http fetch GET 200 https://registry.npmjs.org/@esbuild%2fwin32-arm64 51ms (cache revalidated)
170 silly packumentCache corgi:https://registry.npmjs.org/@esbuild%2fwin32-arm64 set size:100780 disposed:false
171 silly inflate node_modules/@esbuild/win32-ia32
172 silly packumentCache corgi:https://registry.npmjs.org/@esbuild%2fwin32-ia32 cache-miss
173 http fetch GET 200 https://registry.npmjs.org/@esbuild%2fwin32-ia32 59ms (cache revalidated)
174 silly packumentCache corgi:https://registry.npmjs.org/@esbuild%2fwin32-ia32 set size:100353 disposed:false
175 silly inflate node_modules/@esbuild/win32-x64
176 silly packumentCache corgi:https://registry.npmjs.org/@esbuild%2fwin32-x64 cache-miss
177 http fetch GET 200 https://registry.npmjs.org/@esbuild%2fopenbsd-arm64 219ms (cache revalidated)
178 silly packumentCache corgi:https://registry.npmjs.org/@esbuild%2fopenbsd-arm64 set size:15997 disposed:false
179 silly inflate node_modules/@jridgewell/gen-mapping
180 silly packumentCache corgi:https://registry.npmjs.org/@jridgewell%2fgen-mapping cache-miss
181 http fetch GET 200 https://registry.npmjs.org/@esbuild%2fnetbsd-arm64 262ms (cache revalidated)
182 silly packumentCache corgi:https://registry.npmjs.org/@esbuild%2fnetbsd-arm64 set size:13505 disposed:false
183 silly inflate node_modules/@jridgewell/remapping
184 silly packumentCache corgi:https://registry.npmjs.org/@jridgewell%2fremapping cache-miss
185 http fetch GET 200 https://registry.npmjs.org/@esbuild%2fnetbsd-x64 267ms (cache revalidated)
186 silly packumentCache corgi:https://registry.npmjs.org/@esbuild%2fnetbsd-x64 set size:100371 disposed:false
187 silly inflate node_modules/@jridgewell/resolve-uri
188 silly packumentCache corgi:https://registry.npmjs.org/@jridgewell%2fresolve-uri cache-miss
189 http fetch GET 200 https://registry.npmjs.org/@esbuild%2flinux-riscv64 279ms (cache revalidated)
190 silly packumentCache corgi:https://registry.npmjs.org/@esbuild%2flinux-riscv64 set size:101644 disposed:false
191 silly inflate node_modules/@jridgewell/sourcemap-codec
192 silly packumentCache corgi:https://registry.npmjs.org/@jridgewell%2fsourcemap-codec cache-miss
193 http fetch GET 200 https://registry.npmjs.org/@esbuild%2fwin32-x64 69ms (cache revalidated)
194 silly packumentCache corgi:https://registry.npmjs.org/@esbuild%2fwin32-x64 set size:99944 disposed:false
195 silly inflate node_modules/@jridgewell/trace-mapping
196 silly packumentCache corgi:https://registry.npmjs.org/@jridgewell%2ftrace-mapping cache-miss
197 http fetch GET 200 https://registry.npmjs.org/@esbuild%2fsunos-x64 229ms (cache revalidated)
198 silly packumentCache corgi:https://registry.npmjs.org/@esbuild%2fsunos-x64 set size:99941 disposed:false
199 silly inflate node_modules/@rolldown/pluginutils
200 silly packumentCache corgi:https://registry.npmjs.org/@rolldown%2fpluginutils cache-miss
201 http fetch GET 200 https://registry.npmjs.org/@jridgewell%2fgen-mapping 47ms (cache revalidated)
202 silly packumentCache corgi:https://registry.npmjs.org/@jridgewell%2fgen-mapping set size:27542 disposed:false
203 silly inflate node_modules/@rollup/rollup-android-arm-eabi
204 silly packumentCache corgi:https://registry.npmjs.org/@rollup%2frollup-android-arm-eabi cache-miss
205 http fetch GET 200 https://registry.npmjs.org/@jridgewell%2fremapping 58ms (cache revalidated)
206 silly packumentCache corgi:https://registry.npmjs.org/@jridgewell%2fremapping set size:3429 disposed:false
207 silly inflate node_modules/@rollup/rollup-android-arm64
208 silly packumentCache corgi:https://registry.npmjs.org/@rollup%2frollup-android-arm64 cache-miss
209 http fetch GET 200 https://registry.npmjs.org/@jridgewell%2fresolve-uri 71ms (cache revalidated)
210 silly packumentCache corgi:https://registry.npmjs.org/@jridgewell%2fresolve-uri set size:26905 disposed:false
211 silly inflate node_modules/@rollup/rollup-darwin-arm64
212 silly packumentCache corgi:https://registry.npmjs.org/@rollup%2frollup-darwin-arm64 cache-miss
213 http fetch GET 200 https://registry.npmjs.org/@jridgewell%2fsourcemap-codec 70ms (cache revalidated)
214 silly packumentCache corgi:https://registry.npmjs.org/@jridgewell%2fsourcemap-codec set size:18283 disposed:false
215 silly inflate node_modules/@rollup/rollup-darwin-x64
216 silly packumentCache corgi:https://registry.npmjs.org/@rollup%2frollup-darwin-x64 cache-miss
217 http fetch GET 200 https://registry.npmjs.org/@jridgewell%2ftrace-mapping 64ms (cache revalidated)
218 silly packumentCache corgi:https://registry.npmjs.org/@jridgewell%2ftrace-mapping set size:70513 disposed:false
219 silly inflate node_modules/@rollup/rollup-freebsd-arm64
220 silly packumentCache corgi:https://registry.npmjs.org/@rollup%2frollup-freebsd-arm64 cache-miss
221 http fetch GET 200 https://registry.npmjs.org/@rollup%2frollup-darwin-arm64 111ms (cache revalidated)
222 silly packumentCache corgi:https://registry.npmjs.org/@rollup%2frollup-darwin-arm64 set size:123688 disposed:false
223 silly inflate node_modules/@rollup/rollup-freebsd-x64
224 silly packumentCache corgi:https://registry.npmjs.org/@rollup%2frollup-freebsd-x64 cache-miss
225 http fetch GET 200 https://registry.npmjs.org/@rollup%2frollup-darwin-x64 113ms (cache revalidated)
226 silly packumentCache corgi:https://registry.npmjs.org/@rollup%2frollup-darwin-x64 set size:121275 disposed:false
227 silly inflate node_modules/@rollup/rollup-linux-arm-gnueabihf
228 silly packumentCache corgi:https://registry.npmjs.org/@rollup%2frollup-linux-arm-gnueabihf cache-miss
229 http fetch GET 200 https://registry.npmjs.org/@rollup%2frollup-android-arm-eabi 153ms (cache revalidated)
230 silly packumentCache corgi:https://registry.npmjs.org/@rollup%2frollup-android-arm-eabi set size:125991 disposed:false
231 silly inflate node_modules/@rollup/rollup-linux-arm-musleabihf
232 silly packumentCache corgi:https://registry.npmjs.org/@rollup%2frollup-linux-arm-musleabihf cache-miss
233 http fetch GET 200 https://registry.npmjs.org/@esbuild%2flinux-mips64el 478ms (cache revalidated)
234 silly packumentCache corgi:https://registry.npmjs.org/@esbuild%2flinux-mips64el set size:102130 disposed:false
235 silly inflate node_modules/@rollup/rollup-linux-arm64-gnu
236 silly packumentCache corgi:https://registry.npmjs.org/@rollup%2frollup-linux-arm64-gnu cache-miss
237 http fetch GET 200 https://registry.npmjs.org/@rollup%2frollup-freebsd-arm64 117ms (cache revalidated)
238 silly packumentCache corgi:https://registry.npmjs.org/@rollup%2frollup-freebsd-arm64 set size:67104 disposed:false
239 silly inflate node_modules/@rollup/rollup-linux-arm64-musl
240 silly packumentCache corgi:https://registry.npmjs.org/@rollup%2frollup-linux-arm64-musl cache-miss
241 http fetch GET 200 https://registry.npmjs.org/@esbuild%2fandroid-arm64 711ms (cache revalidated)
242 silly packumentCache corgi:https://registry.npmjs.org/@esbuild%2fandroid-arm64 set size:102498 disposed:false
243 silly inflate node_modules/@rollup/rollup-linux-loong64-gnu
244 silly packumentCache corgi:https://registry.npmjs.org/@rollup%2frollup-linux-loong64-gnu cache-miss
245 http fetch GET 200 https://registry.npmjs.org/@esbuild%2fopenharmony-arm64 459ms (cache revalidated)
246 silly packumentCache corgi:https://registry.npmjs.org/@esbuild%2fopenharmony-arm64 set size:9025 disposed:false
247 silly inflate node_modules/@rollup/rollup-linux-loong64-musl
248 silly packumentCache corgi:https://registry.npmjs.org/@rollup%2frollup-linux-loong64-musl cache-miss
249 http fetch GET 200 https://registry.npmjs.org/@rollup%2frollup-freebsd-x64 79ms (cache revalidated)
250 silly packumentCache corgi:https://registry.npmjs.org/@rollup%2frollup-freebsd-x64 set size:66036 disposed:false
251 silly inflate node_modules/@rollup/rollup-linux-ppc64-gnu
252 silly packumentCache corgi:https://registry.npmjs.org/@rollup%2frollup-linux-ppc64-gnu cache-miss
253 http fetch GET 200 https://registry.npmjs.org/@rollup%2frollup-linux-arm-musleabihf 81ms (cache revalidated)
254 silly packumentCache corgi:https://registry.npmjs.org/@rollup%2frollup-linux-arm-musleabihf set size:87403 disposed:false
255 silly inflate node_modules/@rollup/rollup-linux-ppc64-musl
256 silly packumentCache corgi:https://registry.npmjs.org/@rollup%2frollup-linux-ppc64-musl cache-miss
257 http fetch GET 200 https://registry.npmjs.org/@rollup%2frollup-linux-arm-gnueabihf 88ms (cache revalidated)
258 silly packumentCache corgi:https://registry.npmjs.org/@rollup%2frollup-linux-arm-gnueabihf set size:127463 disposed:false
259 silly inflate node_modules/@rollup/rollup-linux-riscv64-gnu
260 silly packumentCache corgi:https://registry.npmjs.org/@rollup%2frollup-linux-riscv64-gnu cache-miss
261 http fetch GET 200 https://registry.npmjs.org/@rollup%2frollup-linux-loong64-gnu 68ms (cache revalidated)
262 silly packumentCache corgi:https://registry.npmjs.org/@rollup%2frollup-linux-loong64-gnu set size:22940 disposed:false
263 silly inflate node_modules/@rollup/rollup-linux-riscv64-musl
264 silly packumentCache corgi:https://registry.npmjs.org/@rollup%2frollup-linux-riscv64-musl cache-miss
265 http fetch GET 200 https://registry.npmjs.org/@rollup%2frollup-android-arm64 264ms (cache revalidated)
266 silly packumentCache corgi:https://registry.npmjs.org/@rollup%2frollup-android-arm64 set size:124515 disposed:false
267 silly inflate node_modules/@rollup/rollup-linux-s390x-gnu
268 silly packumentCache corgi:https://registry.npmjs.org/@rollup%2frollup-linux-s390x-gnu cache-miss
269 http fetch GET 200 https://registry.npmjs.org/@rollup%2frollup-linux-loong64-musl 72ms (cache revalidated)
270 silly packumentCache corgi:https://registry.npmjs.org/@rollup%2frollup-linux-loong64-musl set size:7865 disposed:false
271 silly inflate node_modules/@rollup/rollup-linux-x64-gnu
272 silly packumentCache corgi:https://registry.npmjs.org/@rollup%2frollup-linux-x64-gnu cache-miss
273 http fetch GET 200 https://registry.npmjs.org/@rollup%2frollup-linux-ppc64-gnu 62ms (cache revalidated)
274 silly packumentCache corgi:https://registry.npmjs.org/@rollup%2frollup-linux-ppc64-gnu set size:30248 disposed:false
275 silly inflate node_modules/@rollup/rollup-linux-x64-musl
276 silly packumentCache corgi:https://registry.npmjs.org/@rollup%2frollup-linux-x64-musl cache-miss
277 http fetch GET 200 https://registry.npmjs.org/@rollup%2frollup-linux-ppc64-musl 64ms (cache revalidated)
278 silly packumentCache corgi:https://registry.npmjs.org/@rollup%2frollup-linux-ppc64-musl set size:7765 disposed:false
279 silly inflate node_modules/@rollup/rollup-openbsd-x64
280 silly packumentCache corgi:https://registry.npmjs.org/@rollup%2frollup-openbsd-x64 cache-miss
281 http fetch GET 200 https://registry.npmjs.org/@rollup%2frollup-linux-riscv64-musl 74ms (cache revalidated)
282 silly packumentCache corgi:https://registry.npmjs.org/@rollup%2frollup-linux-riscv64-musl set size:40542 disposed:false
283 silly inflate node_modules/@rollup/rollup-openharmony-arm64
284 silly packumentCache corgi:https://registry.npmjs.org/@rollup%2frollup-openharmony-arm64 cache-miss
285 http fetch GET 200 https://registry.npmjs.org/@rollup%2frollup-linux-x64-gnu 62ms (cache revalidated)
286 silly packumentCache corgi:https://registry.npmjs.org/@rollup%2frollup-linux-x64-gnu set size:122941 disposed:false
287 silly inflate node_modules/@rollup/rollup-win32-arm64-msvc
288 silly packumentCache corgi:https://registry.npmjs.org/@rollup%2frollup-win32-arm64-msvc cache-miss
289 http fetch GET 200 https://registry.npmjs.org/@rollup%2frollup-linux-s390x-gnu 69ms (cache revalidated)
290 silly packumentCache corgi:https://registry.npmjs.org/@rollup%2frollup-linux-s390x-gnu set size:87730 disposed:false
291 silly inflate node_modules/@rollup/rollup-win32-ia32-msvc
292 silly packumentCache corgi:https://registry.npmjs.org/@rollup%2frollup-win32-ia32-msvc cache-miss
293 http fetch GET 200 https://registry.npmjs.org/@rollup%2frollup-linux-riscv64-gnu 124ms (cache revalidated)
294 silly packumentCache corgi:https://registry.npmjs.org/@rollup%2frollup-linux-riscv64-gnu set size:97963 disposed:false
295 silly inflate node_modules/@rollup/rollup-win32-x64-gnu
296 silly packumentCache corgi:https://registry.npmjs.org/@rollup%2frollup-win32-x64-gnu cache-miss
297 http fetch GET 200 https://registry.npmjs.org/@rollup%2frollup-openbsd-x64 67ms (cache revalidated)
298 silly packumentCache corgi:https://registry.npmjs.org/@rollup%2frollup-openbsd-x64 set size:7583 disposed:false
299 silly inflate node_modules/@rollup/rollup-win32-x64-msvc
300 silly packumentCache corgi:https://registry.npmjs.org/@rollup%2frollup-win32-x64-msvc cache-miss
301 http fetch GET 200 https://registry.npmjs.org/@rollup%2frollup-linux-arm64-musl 235ms (cache revalidated)
302 silly packumentCache corgi:https://registry.npmjs.org/@rollup%2frollup-linux-arm64-musl set size:108714 disposed:false
303 silly inflate node_modules/@types/babel__core
304 silly packumentCache corgi:https://registry.npmjs.org/@types%2fbabel__core cache-miss
305 http fetch GET 200 https://registry.npmjs.org/@rollup%2frollup-openharmony-arm64 60ms (cache revalidated)
306 silly packumentCache corgi:https://registry.npmjs.org/@rollup%2frollup-openharmony-arm64 set size:23494 disposed:false
307 silly inflate node_modules/@types/babel__generator
308 silly packumentCache corgi:https://registry.npmjs.org/@types%2fbabel__generator cache-miss
309 http fetch GET 200 https://registry.npmjs.org/@rollup%2frollup-win32-arm64-msvc 58ms (cache revalidated)
310 silly packumentCache corgi:https://registry.npmjs.org/@rollup%2frollup-win32-arm64-msvc set size:125991 disposed:false
311 silly inflate node_modules/@types/babel__template
312 silly packumentCache corgi:https://registry.npmjs.org/@types%2fbabel__template cache-miss
313 http fetch GET 200 https://registry.npmjs.org/@rollup%2frollup-linux-arm64-gnu 260ms (cache revalidated)
314 silly packumentCache corgi:https://registry.npmjs.org/@rollup%2frollup-linux-arm64-gnu set size:125361 disposed:false
315 silly inflate node_modules/@types/babel__traverse
316 silly packumentCache corgi:https://registry.npmjs.org/@types%2fbabel__traverse cache-miss
317 http fetch GET 200 https://registry.npmjs.org/@rolldown%2fpluginutils 443ms (cache revalidated)
318 silly packumentCache corgi:https://registry.npmjs.org/@rolldown%2fpluginutils set size:95408 disposed:false
319 silly inflate node_modules/@types/estree
320 silly packumentCache corgi:https://registry.npmjs.org/@types%2festree cache-miss
321 http fetch GET 200 https://registry.npmjs.org/@rollup%2frollup-win32-x64-gnu 70ms (cache revalidated)
322 silly packumentCache corgi:https://registry.npmjs.org/@rollup%2frollup-win32-x64-gnu set size:19810 disposed:false
323 silly inflate node_modules/@types/prop-types
324 silly packumentCache corgi:https://registry.npmjs.org/@types%2fprop-types cache-miss
325 http fetch GET 200 https://registry.npmjs.org/@types%2fbabel__core 68ms (cache revalidated)
326 silly packumentCache corgi:https://registry.npmjs.org/@types%2fbabel__core set size:48469 disposed:false
327 silly inflate node_modules/@types/react
328 silly packumentCache corgi:https://registry.npmjs.org/@types%2freact cache-miss
329 http fetch GET 200 https://registry.npmjs.org/@rollup%2frollup-win32-x64-msvc 94ms (cache revalidated)
330 silly packumentCache corgi:https://registry.npmjs.org/@rollup%2frollup-win32-x64-msvc set size:123559 disposed:false
331 silly inflate node_modules/@types/react-dom
332 silly packumentCache corgi:https://registry.npmjs.org/@types%2freact-dom cache-miss
333 http fetch GET 200 https://registry.npmjs.org/@types%2fprop-types 73ms (cache revalidated)
334 silly packumentCache corgi:https://registry.npmjs.org/@types%2fprop-types set size:26370 disposed:false
335 silly inflate node_modules/@vitejs/plugin-react
336 silly packumentCache corgi:https://registry.npmjs.org/@vitejs%2fplugin-react cache-miss
337 http fetch GET 200 https://registry.npmjs.org/@types%2festree 79ms (cache revalidated)
338 silly packumentCache corgi:https://registry.npmjs.org/@types%2festree set size:37134 disposed:false
339 silly inflate node_modules/baseline-browser-mapping
340 silly packumentCache corgi:https://registry.npmjs.org/baseline-browser-mapping cache-miss
341 http fetch GET 200 https://registry.npmjs.org/@types%2freact 58ms (cache revalidated)
342 silly packumentCache corgi:https://registry.npmjs.org/@types%2freact set size:658957 disposed:false
343 silly inflate node_modules/browserslist
344 silly packumentCache corgi:https://registry.npmjs.org/browserslist cache-miss
345 http fetch GET 200 https://registry.npmjs.org/@rollup%2frollup-linux-x64-musl 234ms (cache revalidated)
346 silly packumentCache corgi:https://registry.npmjs.org/@rollup%2frollup-linux-x64-musl set size:122928 disposed:false
347 silly inflate node_modules/caniuse-lite
348 silly packumentCache corgi:https://registry.npmjs.org/caniuse-lite cache-miss
349 http fetch GET 200 https://registry.npmjs.org/@types%2freact-dom 69ms (cache revalidated)
350 silly packumentCache corgi:https://registry.npmjs.org/@types%2freact-dom set size:175050 disposed:false
351 silly inflate node_modules/convert-source-map
352 silly packumentCache corgi:https://registry.npmjs.org/convert-source-map cache-miss
353 http fetch GET 200 https://registry.npmjs.org/baseline-browser-mapping 65ms (cache revalidated)
354 silly packumentCache corgi:https://registry.npmjs.org/baseline-browser-mapping set size:117179 disposed:false
355 silly inflate node_modules/csstype
356 silly packumentCache corgi:https://registry.npmjs.org/csstype cache-miss
357 http fetch GET 200 https://registry.npmjs.org/caniuse-lite 52ms (cache revalidated)
358 silly packumentCache corgi:https://registry.npmjs.org/caniuse-lite set size:1188446 disposed:false
359 silly inflate node_modules/debug
360 silly packumentCache corgi:https://registry.npmjs.org/debug cache-miss
361 http fetch GET 200 https://registry.npmjs.org/@vitejs%2fplugin-react 74ms (cache revalidated)
362 silly packumentCache corgi:https://registry.npmjs.org/@vitejs%2fplugin-react set size:107336 disposed:false
363 silly inflate node_modules/electron-to-chromium
364 silly packumentCache corgi:https://registry.npmjs.org/electron-to-chromium cache-miss
365 http fetch GET 200 https://registry.npmjs.org/convert-source-map 53ms (cache revalidated)
366 silly packumentCache corgi:https://registry.npmjs.org/convert-source-map set size:25370 disposed:false
367 silly inflate node_modules/esbuild
368 silly packumentCache corgi:https://registry.npmjs.org/esbuild cache-miss
369 http fetch GET 200 https://registry.npmjs.org/@types%2fbabel__template 259ms (cache revalidated)
370 silly packumentCache corgi:https://registry.npmjs.org/@types%2fbabel__template set size:11537 disposed:false
371 silly inflate node_modules/escalade
372 silly packumentCache corgi:https://registry.npmjs.org/escalade cache-miss
373 http fetch GET 200 https://registry.npmjs.org/@types%2fbabel__traverse 252ms (cache revalidated)
374 silly packumentCache corgi:https://registry.npmjs.org/@types%2fbabel__traverse set size:51236 disposed:false
375 silly inflate node_modules/fdir
376 silly packumentCache corgi:https://registry.npmjs.org/fdir cache-miss
377 http fetch GET 200 https://registry.npmjs.org/@rollup%2frollup-win32-ia32-msvc 318ms (cache revalidated)
378 silly packumentCache corgi:https://registry.npmjs.org/@rollup%2frollup-win32-ia32-msvc set size:125160 disposed:false
379 silly inflate node_modules/fsevents
380 silly packumentCache corgi:https://registry.npmjs.org/fsevents cache-miss
381 http fetch GET 200 https://registry.npmjs.org/debug 118ms (cache revalidated)
382 silly packumentCache corgi:https://registry.npmjs.org/debug set size:75577 disposed:false
383 silly inflate node_modules/gensync
384 silly packumentCache corgi:https://registry.npmjs.org/gensync cache-miss
385 http fetch GET 200 https://registry.npmjs.org/csstype 130ms (cache revalidated)
386 silly packumentCache corgi:https://registry.npmjs.org/csstype set size:143970 disposed:false
387 silly inflate node_modules/js-tokens
388 silly packumentCache corgi:https://registry.npmjs.org/js-tokens cache-miss
389 http fetch GET 200 https://registry.npmjs.org/esbuild 124ms (cache revalidated)
390 silly packumentCache corgi:https://registry.npmjs.org/esbuild set size:879341 disposed:false
391 silly inflate node_modules/jsesc
392 silly packumentCache corgi:https://registry.npmjs.org/jsesc cache-miss
393 http fetch GET 200 https://registry.npmjs.org/electron-to-chromium 136ms (cache revalidated)
394 silly packumentCache corgi:https://registry.npmjs.org/electron-to-chromium set size:2490805 disposed:false
395 silly inflate node_modules/json5
396 silly packumentCache corgi:https://registry.npmjs.org/json5 cache-miss
397 http fetch GET 200 https://registry.npmjs.org/@types%2fbabel__generator 328ms (cache revalidated)
398 silly packumentCache corgi:https://registry.npmjs.org/@types%2fbabel__generator set size:15540 disposed:false
399 silly inflate node_modules/loose-envify
400 silly packumentCache corgi:https://registry.npmjs.org/loose-envify cache-miss
401 http fetch GET 200 https://registry.npmjs.org/escalade 67ms (cache revalidated)
402 silly packumentCache corgi:https://registry.npmjs.org/escalade set size:13344 disposed:false
403 silly inflate node_modules/lru-cache
404 silly packumentCache corgi:https://registry.npmjs.org/lru-cache cache-miss
405 http fetch GET 200 https://registry.npmjs.org/fsevents 69ms (cache revalidated)
406 silly packumentCache corgi:https://registry.npmjs.org/fsevents set size:72605 disposed:false
407 silly inflate node_modules/ms
408 silly packumentCache corgi:https://registry.npmjs.org/ms cache-miss
409 http fetch GET 200 https://registry.npmjs.org/browserslist 220ms (cache revalidated)
410 silly packumentCache corgi:https://registry.npmjs.org/browserslist set size:269049 disposed:false
411 silly inflate node_modules/nanoid
412 silly packumentCache corgi:https://registry.npmjs.org/nanoid cache-miss
413 http fetch GET 200 https://registry.npmjs.org/json5 55ms (cache revalidated)
414 silly packumentCache corgi:https://registry.npmjs.org/json5 set size:37495 disposed:false
415 silly inflate node_modules/node-releases
416 silly packumentCache corgi:https://registry.npmjs.org/node-releases cache-miss
417 http fetch GET 200 https://registry.npmjs.org/js-tokens 76ms (cache revalidated)
418 silly packumentCache corgi:https://registry.npmjs.org/js-tokens set size:18314 disposed:false
419 silly inflate node_modules/picocolors
420 silly packumentCache corgi:https://registry.npmjs.org/picocolors cache-miss
421 http fetch GET 200 https://registry.npmjs.org/lru-cache 58ms (cache revalidated)
422 silly packumentCache corgi:https://registry.npmjs.org/lru-cache set size:186315 disposed:false
423 silly inflate node_modules/picomatch
424 silly packumentCache corgi:https://registry.npmjs.org/picomatch cache-miss
425 http fetch GET 200 https://registry.npmjs.org/loose-envify 66ms (cache revalidated)
426 silly packumentCache corgi:https://registry.npmjs.org/loose-envify set size:4759 disposed:false
427 silly inflate node_modules/postcss
428 silly packumentCache corgi:https://registry.npmjs.org/postcss cache-miss
429 http fetch GET 200 https://registry.npmjs.org/ms 61ms (cache revalidated)
430 silly packumentCache corgi:https://registry.npmjs.org/ms set size:29397 disposed:false
431 silly inflate node_modules/react
432 silly packumentCache corgi:https://registry.npmjs.org/react cache-miss
433 http fetch GET 200 https://registry.npmjs.org/nanoid 58ms (cache revalidated)
434 silly packumentCache corgi:https://registry.npmjs.org/nanoid set size:144434 disposed:false
435 silly inflate node_modules/react-dom
436 silly packumentCache corgi:https://registry.npmjs.org/react-dom cache-miss
437 http fetch GET 200 https://registry.npmjs.org/picomatch 51ms (cache revalidated)
438 silly packumentCache corgi:https://registry.npmjs.org/picomatch set size:42189 disposed:false
439 silly inflate node_modules/react-refresh
440 silly packumentCache corgi:https://registry.npmjs.org/react-refresh cache-miss
441 http fetch GET 200 https://registry.npmjs.org/picocolors 65ms (cache revalidated)
442 silly packumentCache corgi:https://registry.npmjs.org/picocolors set size:5887 disposed:false
443 silly inflate node_modules/rollup
444 silly packumentCache corgi:https://registry.npmjs.org/rollup cache-miss
445 http fetch GET 200 https://registry.npmjs.org/node-releases 68ms (cache revalidated)
446 silly packumentCache corgi:https://registry.npmjs.org/node-releases set size:152248 disposed:false
447 silly inflate node_modules/scheduler
448 silly packumentCache corgi:https://registry.npmjs.org/scheduler cache-miss
449 http fetch GET 200 https://registry.npmjs.org/react-dom 53ms (cache revalidated)
450 silly packumentCache corgi:https://registry.npmjs.org/react-dom set size:2987910 disposed:false
451 silly inflate node_modules/semver
452 silly packumentCache corgi:https://registry.npmjs.org/semver cache-miss
453 http fetch GET 200 https://registry.npmjs.org/postcss 67ms (cache revalidated)
454 silly packumentCache corgi:https://registry.npmjs.org/postcss set size:337129 disposed:false
455 silly inflate node_modules/source-map-js
456 silly packumentCache corgi:https://registry.npmjs.org/source-map-js cache-miss
457 http fetch GET 200 https://registry.npmjs.org/react 80ms (cache revalidated)
458 silly packumentCache corgi:https://registry.npmjs.org/react set size:2751582 disposed:false
459 silly inflate node_modules/tinyglobby
460 silly packumentCache corgi:https://registry.npmjs.org/tinyglobby cache-miss
461 http fetch GET 200 https://registry.npmjs.org/scheduler 124ms (cache revalidated)
462 silly packumentCache corgi:https://registry.npmjs.org/scheduler set size:2600905 disposed:false
463 silly inflate node_modules/typescript
464 silly packumentCache corgi:https://registry.npmjs.org/typescript cache-miss
465 http fetch GET 200 https://registry.npmjs.org/fdir 329ms (cache revalidated)
466 silly packumentCache corgi:https://registry.npmjs.org/fdir set size:76905 disposed:false
467 silly inflate node_modules/update-browserslist-db
468 silly packumentCache corgi:https://registry.npmjs.org/update-browserslist-db cache-miss
469 http fetch GET 200 https://registry.npmjs.org/gensync 296ms (cache revalidated)
470 silly packumentCache corgi:https://registry.npmjs.org/gensync set size:5733 disposed:false
471 silly inflate node_modules/vite
472 silly packumentCache corgi:https://registry.npmjs.org/vite cache-miss
473 http fetch GET 200 https://registry.npmjs.org/source-map-js 130ms (cache revalidated)
474 silly packumentCache corgi:https://registry.npmjs.org/source-map-js set size:7731 disposed:false
475 silly inflate node_modules/yallist
476 silly packumentCache corgi:https://registry.npmjs.org/yallist cache-miss
477 http fetch GET 200 https://registry.npmjs.org/jsesc 286ms (cache revalidated)
478 silly packumentCache corgi:https://registry.npmjs.org/jsesc set size:19999 disposed:false
479 http fetch GET 200 https://registry.npmjs.org/rollup 151ms (cache revalidated)
480 silly packumentCache corgi:https://registry.npmjs.org/rollup set size:2543476 disposed:false
481 http fetch GET 200 https://registry.npmjs.org/semver 150ms (cache revalidated)
482 silly packumentCache corgi:https://registry.npmjs.org/semver set size:96449 disposed:false
483 http fetch GET 200 https://registry.npmjs.org/vite 80ms (cache revalidated)
484 silly packumentCache corgi:https://registry.npmjs.org/vite set size:2190484 disposed:false
485 http fetch GET 200 https://registry.npmjs.org/yallist 94ms (cache revalidated)
486 silly packumentCache corgi:https://registry.npmjs.org/yallist set size:13036 disposed:false
487 http fetch GET 200 https://registry.npmjs.org/typescript 116ms (cache revalidated)
488 silly packumentCache corgi:https://registry.npmjs.org/typescript set size:8535156 disposed:false
489 http fetch GET 200 https://registry.npmjs.org/react-refresh 291ms (cache revalidated)
490 silly packumentCache corgi:https://registry.npmjs.org/react-refresh set size:2875037 disposed:false
491 http fetch GET 200 https://registry.npmjs.org/tinyglobby 300ms (cache revalidated)
492 silly packumentCache corgi:https://registry.npmjs.org/tinyglobby set size:17847 disposed:false
493 http fetch GET 200 https://registry.npmjs.org/update-browserslist-db 268ms (cache revalidated)
494 silly packumentCache corgi:https://registry.npmjs.org/update-browserslist-db set size:34844 disposed:false
495 silly idealTree buildDeps
496 silly fetch manifest @rollup/rollup-darwin-arm64@*
497 silly packumentCache full:https://registry.npmjs.org/@rollup%2frollup-darwin-arm64 cache-miss
498 http fetch GET 200 https://registry.npmjs.org/@rollup%2frollup-darwin-arm64 94ms (cache miss)
499 silly packumentCache full:https://registry.npmjs.org/@rollup%2frollup-darwin-arm64 set size:undefined disposed:false
500 silly placeDep ROOT @rollup/rollup-darwin-arm64@4.59.0 REPLACE for: fe-followup-v3@0.1.0 want: *
501 silly reify moves {}
502 silly audit bulk request {
502 silly audit   '@babel/code-frame': [ '7.29.0' ],
502 silly audit   '@babel/compat-data': [ '7.29.0' ],
502 silly audit   '@babel/core': [ '7.29.0' ],
502 silly audit   '@babel/generator': [ '7.29.1' ],
502 silly audit   '@babel/helper-compilation-targets': [ '7.28.6' ],
502 silly audit   '@babel/helper-globals': [ '7.28.0' ],
502 silly audit   '@babel/helper-module-imports': [ '7.28.6' ],
502 silly audit   '@babel/helper-module-transforms': [ '7.28.6' ],
502 silly audit   '@babel/helper-plugin-utils': [ '7.28.6' ],
502 silly audit   '@babel/helper-string-parser': [ '7.27.1' ],
502 silly audit   '@babel/helper-validator-identifier': [ '7.28.5' ],
502 silly audit   '@babel/helper-validator-option': [ '7.27.1' ],
502 silly audit   '@babel/helpers': [ '7.28.6' ],
502 silly audit   '@babel/parser': [ '7.29.0' ],
502 silly audit   '@babel/plugin-transform-react-jsx-self': [ '7.27.1' ],
502 silly audit   '@babel/plugin-transform-react-jsx-source': [ '7.27.1' ],
502 silly audit   '@babel/template': [ '7.28.6' ],
502 silly audit   '@babel/traverse': [ '7.29.0' ],
502 silly audit   '@babel/types': [ '7.29.0' ],
502 silly audit   '@esbuild/aix-ppc64': [ '0.25.12' ],
502 silly audit   '@esbuild/android-arm': [ '0.25.12' ],
502 silly audit   '@esbuild/android-arm64': [ '0.25.12' ],
502 silly audit   '@esbuild/android-x64': [ '0.25.12' ],
502 silly audit   '@esbuild/darwin-arm64': [ '0.25.12' ],
502 silly audit   '@esbuild/darwin-x64': [ '0.25.12' ],
502 silly audit   '@esbuild/freebsd-arm64': [ '0.25.12' ],
502 silly audit   '@esbuild/freebsd-x64': [ '0.25.12' ],
502 silly audit   '@esbuild/linux-arm': [ '0.25.12' ],
502 silly audit   '@esbuild/linux-arm64': [ '0.25.12' ],
502 silly audit   '@esbuild/linux-ia32': [ '0.25.12' ],
502 silly audit   '@esbuild/linux-loong64': [ '0.25.12' ],
502 silly audit   '@esbuild/linux-mips64el': [ '0.25.12' ],
502 silly audit   '@esbuild/linux-ppc64': [ '0.25.12' ],
502 silly audit   '@esbuild/linux-riscv64': [ '0.25.12' ],
502 silly audit   '@esbuild/linux-s390x': [ '0.25.12' ],
502 silly audit   '@esbuild/linux-x64': [ '0.25.12' ],
502 silly audit   '@esbuild/netbsd-arm64': [ '0.25.12' ],
502 silly audit   '@esbuild/netbsd-x64': [ '0.25.12' ],
502 silly audit   '@esbuild/openbsd-arm64': [ '0.25.12' ],
502 silly audit   '@esbuild/openbsd-x64': [ '0.25.12' ],
502 silly audit   '@esbuild/openharmony-arm64': [ '0.25.12' ],
502 silly audit   '@esbuild/sunos-x64': [ '0.25.12' ],
502 silly audit   '@esbuild/win32-arm64': [ '0.25.12' ],
502 silly audit   '@esbuild/win32-ia32': [ '0.25.12' ],
502 silly audit   '@esbuild/win32-x64': [ '0.25.12' ],
502 silly audit   '@jridgewell/gen-mapping': [ '0.3.13' ],
502 silly audit   '@jridgewell/remapping': [ '2.3.5' ],
502 silly audit   '@jridgewell/resolve-uri': [ '3.1.2' ],
502 silly audit   '@jridgewell/sourcemap-codec': [ '1.5.5' ],
502 silly audit   '@jridgewell/trace-mapping': [ '0.3.31' ],
502 silly audit   '@rolldown/pluginutils': [ '1.0.0-beta.27' ],
502 silly audit   '@rollup/rollup-android-arm-eabi': [ '4.59.0' ],
502 silly audit   '@rollup/rollup-android-arm64': [ '4.59.0' ],
502 silly audit   '@rollup/rollup-darwin-x64': [ '4.59.0' ],
502 silly audit   '@rollup/rollup-freebsd-arm64': [ '4.59.0' ],
502 silly audit   '@rollup/rollup-freebsd-x64': [ '4.59.0' ],
502 silly audit   '@rollup/rollup-linux-arm-gnueabihf': [ '4.59.0' ],
502 silly audit   '@rollup/rollup-linux-arm-musleabihf': [ '4.59.0' ],
502 silly audit   '@rollup/rollup-linux-arm64-gnu': [ '4.59.0' ],
502 silly audit   '@rollup/rollup-linux-arm64-musl': [ '4.59.0' ],
502 silly audit   '@rollup/rollup-linux-loong64-gnu': [ '4.59.0' ],
502 silly audit   '@rollup/rollup-linux-loong64-musl': [ '4.59.0' ],
502 silly audit   '@rollup/rollup-linux-ppc64-gnu': [ '4.59.0' ],
502 silly audit   '@rollup/rollup-linux-ppc64-musl': [ '4.59.0' ],
502 silly audit   '@rollup/rollup-linux-riscv64-gnu': [ '4.59.0' ],
502 silly audit   '@rollup/rollup-linux-riscv64-musl': [ '4.59.0' ],
502 silly audit   '@rollup/rollup-linux-s390x-gnu': [ '4.59.0' ],
502 silly audit   '@rollup/rollup-linux-x64-gnu': [ '4.59.0' ],
502 silly audit   '@rollup/rollup-linux-x64-musl': [ '4.59.0' ],
502 silly audit   '@rollup/rollup-openbsd-x64': [ '4.59.0' ],
502 silly audit   '@rollup/rollup-openharmony-arm64': [ '4.59.0' ],
502 silly audit   '@rollup/rollup-win32-arm64-msvc': [ '4.59.0' ],
502 silly audit   '@rollup/rollup-win32-ia32-msvc': [ '4.59.0' ],
502 silly audit   '@rollup/rollup-win32-x64-gnu': [ '4.59.0' ],
502 silly audit   '@rollup/rollup-win32-x64-msvc': [ '4.59.0' ],
502 silly audit   '@types/babel__core': [ '7.20.5' ],
502 silly audit   '@types/babel__generator': [ '7.27.0' ],
502 silly audit   '@types/babel__template': [ '7.4.4' ],
502 silly audit   '@types/babel__traverse': [ '7.28.0' ],
502 silly audit   '@types/estree': [ '1.0.8' ],
502 silly audit   '@types/prop-types': [ '15.7.15' ],
502 silly audit   '@types/react': [ '18.3.28' ],
502 silly audit   '@types/react-dom': [ '18.3.7' ],
502 silly audit   '@vitejs/plugin-react': [ '4.7.0' ],
502 silly audit   'baseline-browser-mapping': [ '2.10.0' ],
502 silly audit   browserslist: [ '4.28.1' ],
502 silly audit   'caniuse-lite': [ '1.0.30001775' ],
502 silly audit   'convert-source-map': [ '2.0.0' ],
502 silly audit   csstype: [ '3.2.3' ],
502 silly audit   debug: [ '4.4.3' ],
502 silly audit   'electron-to-chromium': [ '1.5.302' ],
502 silly audit   esbuild: [ '0.25.12' ],
502 silly audit   escalade: [ '3.2.0' ],
502 silly audit   fdir: [ '6.5.0' ],
502 silly audit   fsevents: [ '2.3.3' ],
502 silly audit   gensync: [ '1.0.0-beta.2' ],
502 silly audit   'js-tokens': [ '4.0.0' ],
502 silly audit   jsesc: [ '3.1.0' ],
502 silly audit   json5: [ '2.2.3' ],
502 silly audit   'loose-envify': [ '1.4.0' ],
502 silly audit   'lru-cache': [ '5.1.1' ],
502 silly audit   ms: [ '2.1.3' ],
502 silly audit   nanoid: [ '3.3.11' ],
502 silly audit   'node-releases': [ '2.0.27' ],
502 silly audit   picocolors: [ '1.1.1' ],
502 silly audit   picomatch: [ '4.0.3' ],
502 silly audit   postcss: [ '8.5.6' ],
502 silly audit   react: [ '18.3.1' ],
502 silly audit   'react-dom': [ '18.3.1' ],
502 silly audit   'react-refresh': [ '0.17.0' ],
502 silly audit   rollup: [ '4.59.0' ],
502 silly audit   scheduler: [ '0.23.2' ],
502 silly audit   semver: [ '6.3.1' ],
502 silly audit   'source-map-js': [ '1.2.1' ],
502 silly audit   tinyglobby: [ '0.2.15' ],
502 silly audit   typescript: [ '5.9.3' ],
502 silly audit   'update-browserslist-db': [ '1.2.3' ],
502 silly audit   vite: [ '6.4.1' ],
502 silly audit   yallist: [ '3.1.1' ],
502 silly audit   '@rollup/rollup-darwin-arm64': [ '4.59.0' ]
502 silly audit }
503 verbose reify failed optional dependency /Users/s.zanetti/dev/tecma/business/tecma-digital-platform/followup-3.0/fe-followup-v3/node_modules/@rollup/rollup-win32-x64-msvc
504 silly reify mark deleted [
504 silly reify   '/Users/s.zanetti/dev/tecma/business/tecma-digital-platform/followup-3.0/fe-followup-v3/node_modules/@rollup/rollup-win32-x64-msvc'
504 silly reify ]
505 verbose reify failed optional dependency /Users/s.zanetti/dev/tecma/business/tecma-digital-platform/followup-3.0/fe-followup-v3/node_modules/@rollup/rollup-win32-x64-gnu
506 silly reify mark deleted [
506 silly reify   '/Users/s.zanetti/dev/tecma/business/tecma-digital-platform/followup-3.0/fe-followup-v3/node_modules/@rollup/rollup-win32-x64-gnu'
506 silly reify ]
507 verbose reify failed optional dependency /Users/s.zanetti/dev/tecma/business/tecma-digital-platform/followup-3.0/fe-followup-v3/node_modules/@rollup/rollup-win32-ia32-msvc
508 silly reify mark deleted [
508 silly reify   '/Users/s.zanetti/dev/tecma/business/tecma-digital-platform/followup-3.0/fe-followup-v3/node_modules/@rollup/rollup-win32-ia32-msvc'
508 silly reify ]
509 verbose reify failed optional dependency /Users/s.zanetti/dev/tecma/business/tecma-digital-platform/followup-3.0/fe-followup-v3/node_modules/@rollup/rollup-win32-arm64-msvc
510 silly reify mark deleted [
510 silly reify   '/Users/s.zanetti/dev/tecma/business/tecma-digital-platform/followup-3.0/fe-followup-v3/node_modules/@rollup/rollup-win32-arm64-msvc'
510 silly reify ]
511 verbose reify failed optional dependency /Users/s.zanetti/dev/tecma/business/tecma-digital-platform/followup-3.0/fe-followup-v3/node_modules/@rollup/rollup-openharmony-arm64
512 silly reify mark deleted [
512 silly reify   '/Users/s.zanetti/dev/tecma/business/tecma-digital-platform/followup-3.0/fe-followup-v3/node_modules/@rollup/rollup-openharmony-arm64'
512 silly reify ]
513 verbose reify failed optional dependency /Users/s.zanetti/dev/tecma/business/tecma-digital-platform/followup-3.0/fe-followup-v3/node_modules/@rollup/rollup-openbsd-x64
514 silly reify mark deleted [
514 silly reify   '/Users/s.zanetti/dev/tecma/business/tecma-digital-platform/followup-3.0/fe-followup-v3/node_modules/@rollup/rollup-openbsd-x64'
514 silly reify ]
515 verbose reify failed optional dependency /Users/s.zanetti/dev/tecma/business/tecma-digital-platform/followup-3.0/fe-followup-v3/node_modules/@rollup/rollup-linux-x64-musl
516 silly reify mark deleted [
516 silly reify   '/Users/s.zanetti/dev/tecma/business/tecma-digital-platform/followup-3.0/fe-followup-v3/node_modules/@rollup/rollup-linux-x64-musl'
516 silly reify ]
517 verbose reify failed optional dependency /Users/s.zanetti/dev/tecma/business/tecma-digital-platform/followup-3.0/fe-followup-v3/node_modules/@rollup/rollup-linux-x64-gnu
518 silly reify mark deleted [
518 silly reify   '/Users/s.zanetti/dev/tecma/business/tecma-digital-platform/followup-3.0/fe-followup-v3/node_modules/@rollup/rollup-linux-x64-gnu'
518 silly reify ]
519 verbose reify failed optional dependency /Users/s.zanetti/dev/tecma/business/tecma-digital-platform/followup-3.0/fe-followup-v3/node_modules/@rollup/rollup-linux-s390x-gnu
520 silly reify mark deleted [
520 silly reify   '/Users/s.zanetti/dev/tecma/business/tecma-digital-platform/followup-3.0/fe-followup-v3/node_modules/@rollup/rollup-linux-s390x-gnu'
520 silly reify ]
521 verbose reify failed optional dependency /Users/s.zanetti/dev/tecma/business/tecma-digital-platform/followup-3.0/fe-followup-v3/node_modules/@rollup/rollup-linux-riscv64-musl
522 silly reify mark deleted [
522 silly reify   '/Users/s.zanetti/dev/tecma/business/tecma-digital-platform/followup-3.0/fe-followup-v3/node_modules/@rollup/rollup-linux-riscv64-musl'
522 silly reify ]
523 verbose reify failed optional dependency /Users/s.zanetti/dev/tecma/business/tecma-digital-platform/followup-3.0/fe-followup-v3/node_modules/@rollup/rollup-linux-riscv64-gnu
524 silly reify mark deleted [
524 silly reify   '/Users/s.zanetti/dev/tecma/business/tecma-digital-platform/followup-3.0/fe-followup-v3/node_modules/@rollup/rollup-linux-riscv64-gnu'
524 silly reify ]
525 verbose reify failed optional dependency /Users/s.zanetti/dev/tecma/business/tecma-digital-platform/followup-3.0/fe-followup-v3/node_modules/@rollup/rollup-linux-ppc64-musl
526 silly reify mark deleted [
526 silly reify   '/Users/s.zanetti/dev/tecma/business/tecma-digital-platform/followup-3.0/fe-followup-v3/node_modules/@rollup/rollup-linux-ppc64-musl'
526 silly reify ]
527 verbose reify failed optional dependency /Users/s.zanetti/dev/tecma/business/tecma-digital-platform/followup-3.0/fe-followup-v3/node_modules/@rollup/rollup-linux-ppc64-gnu
528 silly reify mark deleted [
528 silly reify   '/Users/s.zanetti/dev/tecma/business/tecma-digital-platform/followup-3.0/fe-followup-v3/node_modules/@rollup/rollup-linux-ppc64-gnu'
528 silly reify ]
529 verbose reify failed optional dependency /Users/s.zanetti/dev/tecma/business/tecma-digital-platform/followup-3.0/fe-followup-v3/node_modules/@rollup/rollup-linux-loong64-musl
530 silly reify mark deleted [
530 silly reify   '/Users/s.zanetti/dev/tecma/business/tecma-digital-platform/followup-3.0/fe-followup-v3/node_modules/@rollup/rollup-linux-loong64-musl'
530 silly reify ]
531 verbose reify failed optional dependency /Users/s.zanetti/dev/tecma/business/tecma-digital-platform/followup-3.0/fe-followup-v3/node_modules/@rollup/rollup-linux-loong64-gnu
532 silly reify mark deleted [
532 silly reify   '/Users/s.zanetti/dev/tecma/business/tecma-digital-platform/followup-3.0/fe-followup-v3/node_modules/@rollup/rollup-linux-loong64-gnu'
532 silly reify ]
533 verbose reify failed optional dependency /Users/s.zanetti/dev/tecma/business/tecma-digital-platform/followup-3.0/fe-followup-v3/node_modules/@rollup/rollup-linux-arm64-musl
534 silly reify mark deleted [
534 silly reify   '/Users/s.zanetti/dev/tecma/business/tecma-digital-platform/followup-3.0/fe-followup-v3/node_modules/@rollup/rollup-linux-arm64-musl'
534 silly reify ]
535 verbose reify failed optional dependency /Users/s.zanetti/dev/tecma/business/tecma-digital-platform/followup-3.0/fe-followup-v3/node_modules/@rollup/rollup-linux-arm64-gnu
536 silly reify mark deleted [
536 silly reify   '/Users/s.zanetti/dev/tecma/business/tecma-digital-platform/followup-3.0/fe-followup-v3/node_modules/@rollup/rollup-linux-arm64-gnu'
536 silly reify ]
537 verbose reify failed optional dependency /Users/s.zanetti/dev/tecma/business/tecma-digital-platform/followup-3.0/fe-followup-v3/node_modules/@rollup/rollup-linux-arm-musleabihf
538 silly reify mark deleted [
538 silly reify   '/Users/s.zanetti/dev/tecma/business/tecma-digital-platform/followup-3.0/fe-followup-v3/node_modules/@rollup/rollup-linux-arm-musleabihf'
538 silly reify ]
539 verbose reify failed optional dependency /Users/s.zanetti/dev/tecma/business/tecma-digital-platform/followup-3.0/fe-followup-v3/node_modules/@rollup/rollup-linux-arm-gnueabihf
540 silly reify mark deleted [
540 silly reify   '/Users/s.zanetti/dev/tecma/business/tecma-digital-platform/followup-3.0/fe-followup-v3/node_modules/@rollup/rollup-linux-arm-gnueabihf'
540 silly reify ]
541 verbose reify failed optional dependency /Users/s.zanetti/dev/tecma/business/tecma-digital-platform/followup-3.0/fe-followup-v3/node_modules/@rollup/rollup-freebsd-x64
542 silly reify mark deleted [
542 silly reify   '/Users/s.zanetti/dev/tecma/business/tecma-digital-platform/followup-3.0/fe-followup-v3/node_modules/@rollup/rollup-freebsd-x64'
542 silly reify ]
543 verbose reify failed optional dependency /Users/s.zanetti/dev/tecma/business/tecma-digital-platform/followup-3.0/fe-followup-v3/node_modules/@rollup/rollup-freebsd-arm64
544 silly reify mark deleted [
544 silly reify   '/Users/s.zanetti/dev/tecma/business/tecma-digital-platform/followup-3.0/fe-followup-v3/node_modules/@rollup/rollup-freebsd-arm64'
544 silly reify ]
545 verbose reify failed optional dependency /Users/s.zanetti/dev/tecma/business/tecma-digital-platform/followup-3.0/fe-followup-v3/node_modules/@rollup/rollup-android-arm64
546 silly reify mark deleted [
546 silly reify   '/Users/s.zanetti/dev/tecma/business/tecma-digital-platform/followup-3.0/fe-followup-v3/node_modules/@rollup/rollup-android-arm64'
546 silly reify ]
547 verbose reify failed optional dependency /Users/s.zanetti/dev/tecma/business/tecma-digital-platform/followup-3.0/fe-followup-v3/node_modules/@rollup/rollup-android-arm-eabi
548 silly reify mark deleted [
548 silly reify   '/Users/s.zanetti/dev/tecma/business/tecma-digital-platform/followup-3.0/fe-followup-v3/node_modules/@rollup/rollup-android-arm-eabi'
548 silly reify ]
549 verbose reify failed optional dependency /Users/s.zanetti/dev/tecma/business/tecma-digital-platform/followup-3.0/fe-followup-v3/node_modules/@esbuild/win32-x64
550 silly reify mark deleted [
550 silly reify   '/Users/s.zanetti/dev/tecma/business/tecma-digital-platform/followup-3.0/fe-followup-v3/node_modules/@esbuild/win32-x64'
550 silly reify ]
551 verbose reify failed optional dependency /Users/s.zanetti/dev/tecma/business/tecma-digital-platform/followup-3.0/fe-followup-v3/node_modules/@esbuild/win32-ia32
552 silly reify mark deleted [
552 silly reify   '/Users/s.zanetti/dev/tecma/business/tecma-digital-platform/followup-3.0/fe-followup-v3/node_modules/@esbuild/win32-ia32'
552 silly reify ]
553 verbose reify failed optional dependency /Users/s.zanetti/dev/tecma/business/tecma-digital-platform/followup-3.0/fe-followup-v3/node_modules/@esbuild/win32-arm64
554 silly reify mark deleted [
554 silly reify   '/Users/s.zanetti/dev/tecma/business/tecma-digital-platform/followup-3.0/fe-followup-v3/node_modules/@esbuild/win32-arm64'
554 silly reify ]
555 verbose reify failed optional dependency /Users/s.zanetti/dev/tecma/business/tecma-digital-platform/followup-3.0/fe-followup-v3/node_modules/@esbuild/sunos-x64
556 silly reify mark deleted [
556 silly reify   '/Users/s.zanetti/dev/tecma/business/tecma-digital-platform/followup-3.0/fe-followup-v3/node_modules/@esbuild/sunos-x64'
556 silly reify ]
557 verbose reify failed optional dependency /Users/s.zanetti/dev/tecma/business/tecma-digital-platform/followup-3.0/fe-followup-v3/node_modules/@esbuild/openharmony-arm64
558 silly reify mark deleted [
558 silly reify   '/Users/s.zanetti/dev/tecma/business/tecma-digital-platform/followup-3.0/fe-followup-v3/node_modules/@esbuild/openharmony-arm64'
558 silly reify ]
559 verbose reify failed optional dependency /Users/s.zanetti/dev/tecma/business/tecma-digital-platform/followup-3.0/fe-followup-v3/node_modules/@esbuild/openbsd-x64
560 silly reify mark deleted [
560 silly reify   '/Users/s.zanetti/dev/tecma/business/tecma-digital-platform/followup-3.0/fe-followup-v3/node_modules/@esbuild/openbsd-x64'
560 silly reify ]
561 verbose reify failed optional dependency /Users/s.zanetti/dev/tecma/business/tecma-digital-platform/followup-3.0/fe-followup-v3/node_modules/@esbuild/openbsd-arm64
562 silly reify mark deleted [
562 silly reify   '/Users/s.zanetti/dev/tecma/business/tecma-digital-platform/followup-3.0/fe-followup-v3/node_modules/@esbuild/openbsd-arm64'
562 silly reify ]
563 verbose reify failed optional dependency /Users/s.zanetti/dev/tecma/business/tecma-digital-platform/followup-3.0/fe-followup-v3/node_modules/@esbuild/netbsd-x64
564 silly reify mark deleted [
564 silly reify   '/Users/s.zanetti/dev/tecma/business/tecma-digital-platform/followup-3.0/fe-followup-v3/node_modules/@esbuild/netbsd-x64'
564 silly reify ]
565 verbose reify failed optional dependency /Users/s.zanetti/dev/tecma/business/tecma-digital-platform/followup-3.0/fe-followup-v3/node_modules/@esbuild/netbsd-arm64
566 silly reify mark deleted [
566 silly reify   '/Users/s.zanetti/dev/tecma/business/tecma-digital-platform/followup-3.0/fe-followup-v3/node_modules/@esbuild/netbsd-arm64'
566 silly reify ]
567 verbose reify failed optional dependency /Users/s.zanetti/dev/tecma/business/tecma-digital-platform/followup-3.0/fe-followup-v3/node_modules/@esbuild/linux-x64
568 silly reify mark deleted [
568 silly reify   '/Users/s.zanetti/dev/tecma/business/tecma-digital-platform/followup-3.0/fe-followup-v3/node_modules/@esbuild/linux-x64'
568 silly reify ]
569 verbose reify failed optional dependency /Users/s.zanetti/dev/tecma/business/tecma-digital-platform/followup-3.0/fe-followup-v3/node_modules/@esbuild/linux-s390x
570 silly reify mark deleted [
570 silly reify   '/Users/s.zanetti/dev/tecma/business/tecma-digital-platform/followup-3.0/fe-followup-v3/node_modules/@esbuild/linux-s390x'
570 silly reify ]
571 verbose reify failed optional dependency /Users/s.zanetti/dev/tecma/business/tecma-digital-platform/followup-3.0/fe-followup-v3/node_modules/@esbuild/linux-riscv64
572 silly reify mark deleted [
572 silly reify   '/Users/s.zanetti/dev/tecma/business/tecma-digital-platform/followup-3.0/fe-followup-v3/node_modules/@esbuild/linux-riscv64'
572 silly reify ]
573 verbose reify failed optional dependency /Users/s.zanetti/dev/tecma/business/tecma-digital-platform/followup-3.0/fe-followup-v3/node_modules/@esbuild/linux-ppc64
574 silly reify mark deleted [
574 silly reify   '/Users/s.zanetti/dev/tecma/business/tecma-digital-platform/followup-3.0/fe-followup-v3/node_modules/@esbuild/linux-ppc64'
574 silly reify ]
575 verbose reify failed optional dependency /Users/s.zanetti/dev/tecma/business/tecma-digital-platform/followup-3.0/fe-followup-v3/node_modules/@esbuild/linux-mips64el
576 silly reify mark deleted [
576 silly reify   '/Users/s.zanetti/dev/tecma/business/tecma-digital-platform/followup-3.0/fe-followup-v3/node_modules/@esbuild/linux-mips64el'
576 silly reify ]
577 verbose reify failed optional dependency /Users/s.zanetti/dev/tecma/business/tecma-digital-platform/followup-3.0/fe-followup-v3/node_modules/@esbuild/linux-loong64
578 silly reify mark deleted [
578 silly reify   '/Users/s.zanetti/dev/tecma/business/tecma-digital-platform/followup-3.0/fe-followup-v3/node_modules/@esbuild/linux-loong64'
578 silly reify ]
579 verbose reify failed optional dependency /Users/s.zanetti/dev/tecma/business/tecma-digital-platform/followup-3.0/fe-followup-v3/node_modules/@esbuild/linux-ia32
580 silly reify mark deleted [
580 silly reify   '/Users/s.zanetti/dev/tecma/business/tecma-digital-platform/followup-3.0/fe-followup-v3/node_modules/@esbuild/linux-ia32'
580 silly reify ]
581 verbose reify failed optional dependency /Users/s.zanetti/dev/tecma/business/tecma-digital-platform/followup-3.0/fe-followup-v3/node_modules/@esbuild/linux-arm64
582 silly reify mark deleted [
582 silly reify   '/Users/s.zanetti/dev/tecma/business/tecma-digital-platform/followup-3.0/fe-followup-v3/node_modules/@esbuild/linux-arm64'
582 silly reify ]
583 verbose reify failed optional dependency /Users/s.zanetti/dev/tecma/business/tecma-digital-platform/followup-3.0/fe-followup-v3/node_modules/@esbuild/linux-arm
584 silly reify mark deleted [
584 silly reify   '/Users/s.zanetti/dev/tecma/business/tecma-digital-platform/followup-3.0/fe-followup-v3/node_modules/@esbuild/linux-arm'
584 silly reify ]
585 verbose reify failed optional dependency /Users/s.zanetti/dev/tecma/business/tecma-digital-platform/followup-3.0/fe-followup-v3/node_modules/@esbuild/freebsd-x64
586 silly reify mark deleted [
586 silly reify   '/Users/s.zanetti/dev/tecma/business/tecma-digital-platform/followup-3.0/fe-followup-v3/node_modules/@esbuild/freebsd-x64'
586 silly reify ]
587 verbose reify failed optional dependency /Users/s.zanetti/dev/tecma/business/tecma-digital-platform/followup-3.0/fe-followup-v3/node_modules/@esbuild/freebsd-arm64
588 silly reify mark deleted [
588 silly reify   '/Users/s.zanetti/dev/tecma/business/tecma-digital-platform/followup-3.0/fe-followup-v3/node_modules/@esbuild/freebsd-arm64'
588 silly reify ]
589 verbose reify failed optional dependency /Users/s.zanetti/dev/tecma/business/tecma-digital-platform/followup-3.0/fe-followup-v3/node_modules/@esbuild/android-x64
590 silly reify mark deleted [
590 silly reify   '/Users/s.zanetti/dev/tecma/business/tecma-digital-platform/followup-3.0/fe-followup-v3/node_modules/@esbuild/android-x64'
590 silly reify ]
591 verbose reify failed optional dependency /Users/s.zanetti/dev/tecma/business/tecma-digital-platform/followup-3.0/fe-followup-v3/node_modules/@esbuild/android-arm64
592 silly reify mark deleted [
592 silly reify   '/Users/s.zanetti/dev/tecma/business/tecma-digital-platform/followup-3.0/fe-followup-v3/node_modules/@esbuild/android-arm64'
592 silly reify ]
593 verbose reify failed optional dependency /Users/s.zanetti/dev/tecma/business/tecma-digital-platform/followup-3.0/fe-followup-v3/node_modules/@esbuild/android-arm
594 silly reify mark deleted [
594 silly reify   '/Users/s.zanetti/dev/tecma/business/tecma-digital-platform/followup-3.0/fe-followup-v3/node_modules/@esbuild/android-arm'
594 silly reify ]
595 verbose reify failed optional dependency /Users/s.zanetti/dev/tecma/business/tecma-digital-platform/followup-3.0/fe-followup-v3/node_modules/@esbuild/aix-ppc64
596 silly reify mark deleted [
596 silly reify   '/Users/s.zanetti/dev/tecma/business/tecma-digital-platform/followup-3.0/fe-followup-v3/node_modules/@esbuild/aix-ppc64'
596 silly reify ]
597 http fetch POST 200 https://registry.npmjs.org/-/npm/v1/security/advisories/bulk 209ms
598 silly audit report {}
599 silly ADD node_modules/@rollup/rollup-darwin-arm64
600 silly ADD
601 silly ADD
602 silly ADD
603 silly ADD
604 silly ADD
605 silly ADD
606 silly ADD
607 silly ADD
608 silly ADD
609 silly ADD
610 silly ADD
611 silly ADD
612 silly ADD
613 silly ADD
614 silly ADD
615 silly ADD
616 silly ADD
617 silly ADD
618 silly ADD
619 silly ADD
620 silly ADD
621 silly ADD
622 silly ADD
623 silly ADD
624 silly ADD
625 silly ADD
626 silly ADD
627 silly ADD
628 silly ADD
629 silly ADD
630 silly ADD
631 silly ADD
632 silly ADD
633 silly ADD
634 silly ADD
635 silly ADD
636 silly ADD
637 silly ADD
638 silly ADD
639 silly ADD
640 silly ADD
641 silly ADD
642 silly ADD
643 silly ADD node_modules/@esbuild/darwin-arm64
644 silly ADD
645 silly ADD
646 silly ADD
647 silly ADD
648 verbose cwd /Users/s.zanetti/dev/tecma/business/tecma-digital-platform/followup-3.0/fe-followup-v3
649 verbose os Darwin 25.3.0
650 verbose node v20.20.0
651 verbose npm  v10.8.2
652 notice
652 notice New major version of npm available! 10.8.2 -> 11.11.0
652 notice Changelog: https://github.com/npm/cli/releases/tag/v11.11.0
652 notice To update run: npm install -g npm@11.11.0
652 notice  { force: true, [Symbol(proc-log.meta)]: true }
653 verbose exit 0
654 info ok
